<?xml version="1.0" encoding="UTF-8"?>
<testsuite name="test_request_vaccine_tests.MyTestCase-20220313173723" tests="1" file="test_request_vaccine_tests.py" time="0.004" timestamp="2022-03-13T17:37:23" failures="0" errors="0" skipped="0">
	<testcase classname="test_request_vaccine_tests.MyTestCase" name="test_request_vaccination_id_ok" time="0.004" timestamp="2022-03-13T17:37:23"/>
</testsuite>
