<?xml version="1.0" encoding="UTF-8"?>
<testsuite name="test_request_vaccine_tests.MyTestCase-20220313173724" tests="1" file="test_request_vaccine_tests.py" time="0.005" timestamp="2022-03-13T17:37:24" failures="0" errors="0" skipped="0">
	<testcase classname="test_request_vaccine_tests.MyTestCase" name="test_request_vaccination_id_ok" time="0.005" timestamp="2022-03-13T17:37:24"/>
</testsuite>
