<?xml version="1.0" encoding="UTF-8"?>
<testsuite name="test_get_vaccine_date_tests.MyTestCase-20220331163131" tests="4" file="test_get_vaccine_date_tests.py" time="0.505" timestamp="2022-03-31T16:31:33" failures="0" errors="0" skipped="0">
	<testcase classname="test_get_vaccine_date_tests.MyTestCase" name="test_1_get_vaccine_date_ok" time="0.012" timestamp="2022-03-31T16:31:32"/>
	<testcase classname="test_get_vaccine_date_tests.MyTestCase" name="test_71_no_store_patient_nok" time="0.002" timestamp="2022-03-31T16:31:32"/>
	<testcase classname="test_get_vaccine_date_tests.MyTestCase" name="test_72_get_two_vaccine_date_ok" time="0.012" timestamp="2022-03-31T16:31:32"/>
	<testcase classname="test_get_vaccine_date_tests.MyTestCase" name="test_parametrized_not_valid_get_vaccine_date" time="0.480" timestamp="2022-03-31T16:31:33"/>
</testsuite>
