<?xml version="1.0" encoding="UTF-8"?>
<testsuite name="test_request_vaccine_tests.MyTestCase-20220331163130" tests="4" file="test_request_vaccine_tests.py" time="0.162" timestamp="2022-03-31T16:31:31" failures="0" errors="0" skipped="0">
	<testcase classname="test_request_vaccine_tests.MyTestCase" name="test_22_validate_json_data_nok" time="0.002" timestamp="2022-03-31T16:31:31"/>
	<testcase classname="test_request_vaccine_tests.MyTestCase" name="test_23_validate_json_data_nok" time="0.003" timestamp="2022-03-31T16:31:31"/>
	<testcase classname="test_request_vaccine_tests.MyTestCase" name="test_parametrized_not_valid_request_vaccination_id" time="0.115" timestamp="2022-03-31T16:31:31"/>
	<testcase classname="test_request_vaccine_tests.MyTestCase" name="test_parametrized_valid_request_vaccination_id" time="0.043" timestamp="2022-03-31T16:31:31"/>
</testsuite>
