<?xml version="1.0" encoding="UTF-8"?>
<testsuite name="test_get_vaccine_date_tests.MyTestCase-20220331163130" tests="4" file="test_get_vaccine_date_tests.py" time="0.474" timestamp="2022-03-31T16:31:31" failures="0" errors="0" skipped="0">
	<testcase classname="test_get_vaccine_date_tests.MyTestCase" name="test_1_get_vaccine_date_ok" time="0.007" timestamp="2022-03-31T16:31:31"/>
	<testcase classname="test_get_vaccine_date_tests.MyTestCase" name="test_71_no_store_patient_nok" time="0.001" timestamp="2022-03-31T16:31:31"/>
	<testcase classname="test_get_vaccine_date_tests.MyTestCase" name="test_72_get_two_vaccine_date_ok" time="0.012" timestamp="2022-03-31T16:31:31"/>
	<testcase classname="test_get_vaccine_date_tests.MyTestCase" name="test_parametrized_not_valid_get_vaccine_date" time="0.454" timestamp="2022-03-31T16:31:31"/>
</testsuite>
