<?xml version="1.0" encoding="UTF-8"?>
<testsuite name="test_request_vaccine_tests.MyTestCase-20220328154935" tests="4" file="test_request_vaccine_tests.py" time="0.169" timestamp="2022-03-28T15:49:35" failures="0" errors="0" skipped="0">
	<testcase classname="test_request_vaccine_tests.MyTestCase" name="test_22_validate_json_data_nok" time="0.004" timestamp="2022-03-28T15:49:35"/>
	<testcase classname="test_request_vaccine_tests.MyTestCase" name="test_23_validate_json_data_nok" time="0.003" timestamp="2022-03-28T15:49:35"/>
	<testcase classname="test_request_vaccine_tests.MyTestCase" name="test_parametrized_not_valid_request_vaccination_id" time="0.114" timestamp="2022-03-28T15:49:35"/>
	<testcase classname="test_request_vaccine_tests.MyTestCase" name="test_parametrized_valid_request_vaccination_id" time="0.048" timestamp="2022-03-28T15:49:35"/>
</testsuite>
